[07-02 09:59:00 731] main INFO SpringBootTestContextBootstrapper - Neither @ContextConfiguration nor @ContextHierarchy found for test class [com.noak.design.producerconsumer.TestRocketMQ], using SpringBootContextLoader
[07-02 09:59:00 743] main INFO AbstractContextLoader - Could not detect default resource locations for test class [com.noak.design.producerconsumer.TestRocketMQ]: no resource found for suffixes {-context.xml, Context.groovy}.
[07-02 09:59:00 744] main INFO AnnotationConfigContextLoaderUtils - Could not detect default configuration classes for test class [com.noak.design.producerconsumer.TestRocketMQ]: TestRocketMQ does not declare any static, non-private, non-final, nested classes annotated with @Configuration.
[07-02 09:59:01 020] main INFO SpringBootTestContextBootstrapper - Found @SpringBootConfiguration com.noak.design.producerconsumer.ProducerConsumerApplication for test class com.noak.design.producerconsumer.TestRocketMQ
[07-02 09:59:01 458] main INFO SpringBootTestContextBootstrapper - Loaded default TestExecutionListener class names from location [META-INF/spring.factories]: [org.springframework.boot.test.mock.mockito.MockitoTestExecutionListener, org.springframework.boot.test.mock.mockito.ResetMocksTestExecutionListener, org.springframework.boot.test.autoconfigure.restdocs.RestDocsTestExecutionListener, org.springframework.boot.test.autoconfigure.web.client.MockRestServiceServerResetTestExecutionListener, org.springframework.boot.test.autoconfigure.web.servlet.MockMvcPrintOnlyOnFailureTestExecutionListener, org.springframework.boot.test.autoconfigure.web.servlet.WebDriverTestExecutionListener, org.springframework.test.context.web.ServletTestExecutionListener, org.springframework.test.context.support.DirtiesContextBeforeModesTestExecutionListener, org.springframework.test.context.support.DependencyInjectionTestExecutionListener, org.springframework.test.context.support.DirtiesContextTestExecutionListener, org.springframework.test.context.transaction.TransactionalTestExecutionListener, org.springframework.test.context.jdbc.SqlScriptsTestExecutionListener]
[07-02 09:59:01 495] main INFO SpringBootTestContextBootstrapper - Using TestExecutionListeners: [org.springframework.test.context.support.DirtiesContextBeforeModesTestExecutionListener@30b19518, org.springframework.boot.test.mock.mockito.MockitoTestExecutionListener@363042d7, org.springframework.boot.test.autoconfigure.SpringBootDependencyInjectionTestExecutionListener@366ac49b, org.springframework.test.context.support.DirtiesContextTestExecutionListener@6ad59d92, org.springframework.boot.test.mock.mockito.ResetMocksTestExecutionListener@56f0cc85, org.springframework.boot.test.autoconfigure.restdocs.RestDocsTestExecutionListener@62e20a76, org.springframework.boot.test.autoconfigure.web.client.MockRestServiceServerResetTestExecutionListener@2cc44ad, org.springframework.boot.test.autoconfigure.web.servlet.MockMvcPrintOnlyOnFailureTestExecutionListener@44b3606b, org.springframework.boot.test.autoconfigure.web.servlet.WebDriverTestExecutionListener@1477089c]
[07-02 09:59:02 121] main INFO TestRocketMQ - Starting TestRocketMQ on NOAKdeMacBook-Pro.local with PID 71088 (started by noak in /Users/noak/Documents/gitee/my/design_patterns/producer-consumer)
[07-02 09:59:02 122] main INFO TestRocketMQ - No active profile set, falling back to default profiles: default
[07-02 09:59:02 217] main INFO AnnotationConfigApplicationContext - Refreshing org.springframework.context.annotation.AnnotationConfigApplicationContext@2fd1731c: startup date [Mon Jul 02 09:59:02 CST 2018]; root of context hierarchy
[07-02 09:59:02 880] main INFO MQProducer - MQ：启动生产者
[07-02 09:59:03 084] main INFO MQPushConsumer - MQ：启动消费者
[07-02 09:59:04 278] main INFO TestRocketMQ - Started TestRocketMQ in 2.691 seconds (JVM running for 6.195)
[07-02 09:59:04 515] NettyClientPublicExecutor_2 INFO MQProducer - MQ: 生产者发送消息 SendResult [sendStatus=SEND_OK, msgId=AC110C8115B018B4AAC2074AD4060000, offsetMsgId=76182F1900002A9F00000000000000B3, messageQueue=MessageQueue [topic=test111, brokerName=broker-a, queueId=5], queueOffset=0]
[07-02 09:59:04 515] NettyClientPublicExecutor_3 INFO MQProducer - MQ: 生产者发送消息 SendResult [sendStatus=SEND_OK, msgId=AC110C8115B018B4AAC2074AD40B0001, offsetMsgId=76182F1900002A9F0000000000000170, messageQueue=MessageQueue [topic=test111, brokerName=broker-a, queueId=6], queueOffset=0]
[07-02 09:59:04 515] NettyClientPublicExecutor_4 INFO MQProducer - MQ: 生产者发送消息 SendResult [sendStatus=SEND_OK, msgId=AC110C8115B018B4AAC2074AD40B0002, offsetMsgId=76182F1900002A9F000000000000022D, messageQueue=MessageQueue [topic=test111, brokerName=broker-a, queueId=7], queueOffset=0]
[07-02 09:59:04 517] NettyClientPublicExecutor_1 INFO MQProducer - MQ: 生产者发送消息 SendResult [sendStatus=SEND_OK, msgId=AC110C8115B018B4AAC2074AD40B0003, offsetMsgId=76182F1900002A9F00000000000002EA, messageQueue=MessageQueue [topic=test111, brokerName=broker-a, queueId=8], queueOffset=0]
[07-02 09:59:04 517] NettyClientPublicExecutor_1 INFO MQProducer - MQ: 生产者发送消息 SendResult [sendStatus=SEND_OK, msgId=AC110C8115B018B4AAC2074AD40B0004, offsetMsgId=76182F1900002A9F00000000000003A7, messageQueue=MessageQueue [topic=test111, brokerName=broker-a, queueId=9], queueOffset=0]
[07-02 09:59:04 519] NettyClientPublicExecutor_4 INFO MQProducer - MQ: 生产者发送消息 SendResult [sendStatus=SEND_OK, msgId=AC110C8115B018B4AAC2074AD40B0005, offsetMsgId=76182F1900002A9F0000000000000464, messageQueue=MessageQueue [topic=test111, brokerName=broker-a, queueId=10], queueOffset=0]
[07-02 09:59:04 519] NettyClientPublicExecutor_4 INFO MQProducer - MQ: 生产者发送消息 SendResult [sendStatus=SEND_OK, msgId=AC110C8115B018B4AAC2074AD40B0006, offsetMsgId=76182F1900002A9F0000000000000521, messageQueue=MessageQueue [topic=test111, brokerName=broker-a, queueId=11], queueOffset=0]
[07-02 09:59:04 519] NettyClientPublicExecutor_2 INFO MQProducer - MQ: 生产者发送消息 SendResult [sendStatus=SEND_OK, msgId=AC110C8115B018B4AAC2074AD40C0007, offsetMsgId=76182F1900002A9F00000000000005DE, messageQueue=MessageQueue [topic=test111, brokerName=broker-a, queueId=12], queueOffset=0]
[07-02 09:59:04 519] NettyClientPublicExecutor_4 INFO MQProducer - MQ: 生产者发送消息 SendResult [sendStatus=SEND_OK, msgId=AC110C8115B018B4AAC2074AD40C0008, offsetMsgId=76182F1900002A9F000000000000069B, messageQueue=MessageQueue [topic=test111, brokerName=broker-a, queueId=13], queueOffset=0]
[07-02 09:59:04 541] NettyClientPublicExecutor_2 INFO MQProducer - MQ: 生产者发送消息 SendResult [sendStatus=SEND_OK, msgId=AC110C8115B018B4AAC2074AD40C0009, offsetMsgId=76182F1900002A9F0000000000000758, messageQueue=MessageQueue [topic=test111, brokerName=broker-a, queueId=14], queueOffset=0]
[07-02 09:59:05 228] ConsumeMessageThread_3 INFO MQPushConsumer - MQ：消费者接收新信息: AC110C8115B018B4AAC2074AD40B0005 test111 TagTest Key5 Hello RocketMQ 5
[07-02 09:59:05 229] ConsumeMessageThread_2 INFO MQPushConsumer - MQ：消费者接收新信息: AC110C8115B018B4AAC2074AD40B0004 test111 TagTest Key4 Hello RocketMQ 4
[07-02 09:59:05 228] ConsumeMessageThread_5 INFO MQPushConsumer - MQ：消费者接收新信息: AC110C8115B018B4AAC2074AD40B0002 test111 TagTest Key2 Hello RocketMQ 2
[07-02 09:59:05 229] ConsumeMessageThread_1 INFO MQPushConsumer - MQ：消费者接收新信息: AC110C8115B018B4AAC2074AD40B0006 test111 TagTest Key6 Hello RocketMQ 6
[07-02 09:59:05 230] ConsumeMessageThread_8 INFO MQPushConsumer - MQ：消费者接收新信息: AC11000700053E3ABC88928487230000 test111 tag key messagebody
[07-02 09:59:05 231] ConsumeMessageThread_4 INFO MQPushConsumer - MQ：消费者接收新信息: AC110C8115B018B4AAC2074AD40B0003 test111 TagTest Key3 Hello RocketMQ 3
[07-02 09:59:05 231] ConsumeMessageThread_7 INFO MQPushConsumer - MQ：消费者接收新信息: AC110C8115B018B4AAC2074AD4060000 test111 TagTest Key0 Hello RocketMQ 0
[07-02 09:59:05 232] ConsumeMessageThread_6 INFO MQPushConsumer - MQ：消费者接收新信息: AC110C8115B018B4AAC2074AD40B0001 test111 TagTest Key1 Hello RocketMQ 1
[07-02 09:59:05 247] ConsumeMessageThread_9 INFO MQPushConsumer - MQ：消费者接收新信息: AC110C8115B018B4AAC2074AD40C0009 test111 TagTest Key9 Hello RocketMQ 9
[07-02 09:59:05 248] ConsumeMessageThread_10 INFO MQPushConsumer - MQ：消费者接收新信息: AC110C8115B018B4AAC2074AD40C0008 test111 TagTest Key8 Hello RocketMQ 8
[07-02 09:59:05 249] ConsumeMessageThread_11 INFO MQPushConsumer - MQ：消费者接收新信息: AC110C8115B018B4AAC2074AD40C0007 test111 TagTest Key7 Hello RocketMQ 7
[07-02 09:59:14 474] Thread-4 INFO AnnotationConfigApplicationContext - Closing org.springframework.context.annotation.AnnotationConfigApplicationContext@2fd1731c: startup date [Mon Jul 02 09:59:02 CST 2018]; root of context hierarchy
[07-02 09:59:14 548] Thread-4 ERROR MQPushConsumer - MQ：关闭消费者
[07-02 09:59:14 652] Thread-4 INFO MQProducer - MQ: 关闭生产者
[07-02 10:00:50 280] main INFO SpringBootTestContextBootstrapper - Neither @ContextConfiguration nor @ContextHierarchy found for test class [com.noak.design.producerconsumer.TestRocketMQ], using SpringBootContextLoader
[07-02 10:00:50 291] main INFO AbstractContextLoader - Could not detect default resource locations for test class [com.noak.design.producerconsumer.TestRocketMQ]: no resource found for suffixes {-context.xml, Context.groovy}.
[07-02 10:00:50 293] main INFO AnnotationConfigContextLoaderUtils - Could not detect default configuration classes for test class [com.noak.design.producerconsumer.TestRocketMQ]: TestRocketMQ does not declare any static, non-private, non-final, nested classes annotated with @Configuration.
[07-02 10:00:50 549] main INFO SpringBootTestContextBootstrapper - Found @SpringBootConfiguration com.noak.design.producerconsumer.ProducerConsumerApplication for test class com.noak.design.producerconsumer.TestRocketMQ
[07-02 10:00:50 725] main INFO SpringBootTestContextBootstrapper - Loaded default TestExecutionListener class names from location [META-INF/spring.factories]: [org.springframework.boot.test.mock.mockito.MockitoTestExecutionListener, org.springframework.boot.test.mock.mockito.ResetMocksTestExecutionListener, org.springframework.boot.test.autoconfigure.restdocs.RestDocsTestExecutionListener, org.springframework.boot.test.autoconfigure.web.client.MockRestServiceServerResetTestExecutionListener, org.springframework.boot.test.autoconfigure.web.servlet.MockMvcPrintOnlyOnFailureTestExecutionListener, org.springframework.boot.test.autoconfigure.web.servlet.WebDriverTestExecutionListener, org.springframework.test.context.web.ServletTestExecutionListener, org.springframework.test.context.support.DirtiesContextBeforeModesTestExecutionListener, org.springframework.test.context.support.DependencyInjectionTestExecutionListener, org.springframework.test.context.support.DirtiesContextTestExecutionListener, org.springframework.test.context.transaction.TransactionalTestExecutionListener, org.springframework.test.context.jdbc.SqlScriptsTestExecutionListener]
[07-02 10:00:50 753] main INFO SpringBootTestContextBootstrapper - Using TestExecutionListeners: [org.springframework.test.context.support.DirtiesContextBeforeModesTestExecutionListener@30b19518, org.springframework.boot.test.mock.mockito.MockitoTestExecutionListener@363042d7, org.springframework.boot.test.autoconfigure.SpringBootDependencyInjectionTestExecutionListener@366ac49b, org.springframework.test.context.support.DirtiesContextTestExecutionListener@6ad59d92, org.springframework.boot.test.mock.mockito.ResetMocksTestExecutionListener@56f0cc85, org.springframework.boot.test.autoconfigure.restdocs.RestDocsTestExecutionListener@62e20a76, org.springframework.boot.test.autoconfigure.web.client.MockRestServiceServerResetTestExecutionListener@2cc44ad, org.springframework.boot.test.autoconfigure.web.servlet.MockMvcPrintOnlyOnFailureTestExecutionListener@44b3606b, org.springframework.boot.test.autoconfigure.web.servlet.WebDriverTestExecutionListener@1477089c]
[07-02 10:00:51 217] main INFO TestRocketMQ - Starting TestRocketMQ on NOAKdeMacBook-Pro.local with PID 71107 (started by noak in /Users/noak/Documents/gitee/my/design_patterns/producer-consumer)
[07-02 10:00:51 218] main INFO TestRocketMQ - No active profile set, falling back to default profiles: default
[07-02 10:00:51 253] main INFO AnnotationConfigApplicationContext - Refreshing org.springframework.context.annotation.AnnotationConfigApplicationContext@5ae76500: startup date [Mon Jul 02 10:00:51 CST 2018]; root of context hierarchy
[07-02 10:00:51 856] main INFO MQProducer - MQ：启动生产者
[07-02 10:00:52 054] main INFO MQPushConsumer - MQ：启动消费者
[07-02 10:00:52 834] main INFO TestRocketMQ - Started TestRocketMQ in 2.006 seconds (JVM running for 4.156)
[07-02 10:00:53 076] NettyClientPublicExecutor_3 INFO MQProducer - MQ: 生产者发送消息 SendResult [sendStatus=SEND_OK, msgId=AC110C8115C318B4AAC2074C7C240001, offsetMsgId=76182F1900002A9F00000000000008D2, messageQueue=MessageQueue [topic=test111, brokerName=broker-a, queueId=4], queueOffset=0]
[07-02 10:00:53 076] NettyClientPublicExecutor_1 INFO MQProducer - MQ: 生产者发送消息 SendResult [sendStatus=SEND_OK, msgId=AC110C8115C318B4AAC2074C7C250003, offsetMsgId=76182F1900002A9F0000000000000A4C, messageQueue=MessageQueue [topic=test111, brokerName=broker-a, queueId=6], queueOffset=1]
[07-02 10:00:53 077] NettyClientPublicExecutor_2 INFO MQProducer - MQ: 生产者发送消息 SendResult [sendStatus=SEND_OK, msgId=AC110C8115C318B4AAC2074C7C200000, offsetMsgId=76182F1900002A9F0000000000000815, messageQueue=MessageQueue [topic=test111, brokerName=broker-a, queueId=3], queueOffset=1]
[07-02 10:00:53 076] NettyClientPublicExecutor_4 INFO MQProducer - MQ: 生产者发送消息 SendResult [sendStatus=SEND_OK, msgId=AC110C8115C318B4AAC2074C7C240002, offsetMsgId=76182F1900002A9F000000000000098F, messageQueue=MessageQueue [topic=test111, brokerName=broker-a, queueId=5], queueOffset=1]
[07-02 10:00:53 081] NettyClientPublicExecutor_3 INFO MQProducer - MQ: 生产者发送消息 SendResult [sendStatus=SEND_OK, msgId=AC110C8115C318B4AAC2074C7C250004, offsetMsgId=76182F1900002A9F0000000000000B09, messageQueue=MessageQueue [topic=test111, brokerName=broker-a, queueId=7], queueOffset=1]
[07-02 10:00:53 081] NettyClientPublicExecutor_1 INFO MQProducer - MQ: 生产者发送消息 SendResult [sendStatus=SEND_OK, msgId=AC110C8115C318B4AAC2074C7C250005, offsetMsgId=76182F1900002A9F0000000000000BC6, messageQueue=MessageQueue [topic=test111, brokerName=broker-a, queueId=8], queueOffset=1]
[07-02 10:00:53 081] NettyClientPublicExecutor_1 INFO MQProducer - MQ: 生产者发送消息 SendResult [sendStatus=SEND_OK, msgId=AC110C8115C318B4AAC2074C7C250006, offsetMsgId=76182F1900002A9F0000000000000C83, messageQueue=MessageQueue [topic=test111, brokerName=broker-a, queueId=9], queueOffset=1]
[07-02 10:00:53 081] NettyClientPublicExecutor_1 INFO MQProducer - MQ: 生产者发送消息 SendResult [sendStatus=SEND_OK, msgId=AC110C8115C318B4AAC2074C7C260007, offsetMsgId=76182F1900002A9F0000000000000D40, messageQueue=MessageQueue [topic=test111, brokerName=broker-a, queueId=10], queueOffset=1]
[07-02 10:00:53 081] NettyClientPublicExecutor_3 INFO MQProducer - MQ: 生产者发送消息 SendResult [sendStatus=SEND_OK, msgId=AC110C8115C318B4AAC2074C7C260008, offsetMsgId=76182F1900002A9F0000000000000DFD, messageQueue=MessageQueue [topic=test111, brokerName=broker-a, queueId=11], queueOffset=1]
[07-02 10:00:53 099] NettyClientPublicExecutor_2 INFO MQProducer - MQ: 生产者发送消息 SendResult [sendStatus=SEND_OK, msgId=AC110C8115C318B4AAC2074C7C260009, offsetMsgId=76182F1900002A9F0000000000000EBA, messageQueue=MessageQueue [topic=test111, brokerName=broker-a, queueId=12], queueOffset=1]
[07-02 10:00:53 558] ConsumeMessageThread_1 INFO MQPushConsumer - MQ：消费者接收新信息: AC110C8115C318B4AAC2074C7C250006 test111 TagTest Key6 Hello RocketMQ 6
[07-02 10:00:53 558] ConsumeMessageThread_3 INFO MQPushConsumer - MQ：消费者接收新信息: AC110C8115C318B4AAC2074C7C260007 test111 TagTest Key7 Hello RocketMQ 7
[07-02 10:00:53 558] ConsumeMessageThread_4 INFO MQPushConsumer - MQ：消费者接收新信息: AC110C8115C318B4AAC2074C7C260008 test111 TagTest Key8 Hello RocketMQ 8
[07-02 10:00:53 558] ConsumeMessageThread_5 INFO MQPushConsumer - MQ：消费者接收新信息: AC110C8115C318B4AAC2074C7C250004 test111 TagTest Key4 Hello RocketMQ 4
[07-02 10:00:53 558] ConsumeMessageThread_2 INFO MQPushConsumer - MQ：消费者接收新信息: AC110C8115C318B4AAC2074C7C250005 test111 TagTest Key5 Hello RocketMQ 5
[07-02 10:00:53 562] ConsumeMessageThread_6 INFO MQPushConsumer - MQ：消费者接收新信息: AC110C8115C318B4AAC2074C7C250003 test111 TagTest Key3 Hello RocketMQ 3
[07-02 10:00:53 563] ConsumeMessageThread_7 INFO MQPushConsumer - MQ：消费者接收新信息: AC110C8115C318B4AAC2074C7C240002 test111 TagTest Key2 Hello RocketMQ 2
[07-02 10:00:53 564] ConsumeMessageThread_8 INFO MQPushConsumer - MQ：消费者接收新信息: AC110C8115C318B4AAC2074C7C240001 test111 TagTest Key1 Hello RocketMQ 1
[07-02 10:00:53 563] ConsumeMessageThread_9 INFO MQPushConsumer - MQ：消费者接收新信息: AC110C8115C318B4AAC2074C7C200000 test111 TagTest Key0 Hello RocketMQ 0
[07-02 10:00:53 595] ConsumeMessageThread_10 INFO MQPushConsumer - MQ：消费者接收新信息: AC110C8115C318B4AAC2074C7C260009 test111 TagTest Key9 Hello RocketMQ 9
[07-02 10:01:03 050] Thread-4 INFO AnnotationConfigApplicationContext - Closing org.springframework.context.annotation.AnnotationConfigApplicationContext@5ae76500: startup date [Mon Jul 02 10:00:51 CST 2018]; root of context hierarchy
[07-02 10:01:03 109] Thread-4 ERROR MQPushConsumer - MQ：关闭消费者
[07-02 10:01:03 212] Thread-4 INFO MQProducer - MQ: 关闭生产者
